<?xml version="1.0" encoding="UTF-8"?>
<testsuite name="TestSuite" time="27.212" tests="2" errors="0" skipped="0" failures="1">
  <properties>
    <property name="XDG_SESSION_CLASS" value="user"/>
    <property name="DISPLAY" value=":0"/>
    <property name="java.home" value="/usr/lib/jvm/jdk-11"/>
    <property name="XDG_GREETER_DATA_DIR" value="/var/lib/lightdm-data/socopoko"/>
    <property name="LOGNAME" value="socopoko"/>
    <property name="VTE_VERSION" value="6003"/>
    <property name="NODE_NAME" value="built-in"/>
    <property name="PWD" value="/home/socopoko/Softwares"/>
    <property name="JENKINS_URL" value="http://localhost:8080/"/>
    <property name="sun.font.fontmanager" value="sun.awt.X11FontManager"/>
    <property name="GDMSESSION" value="cinnamon"/>
    <property name="XDG_SEAT_PATH" value="/org/freedesktop/DisplayManager/Seat0"/>
    <property name="sun.os.patch.level" value="unknown"/>
    <property name="java.vendor.url" value="https://openjdk.java.net/"/>
    <property name="GPG_AGENT_INFO" value="/run/user/1000/gnupg/S.gpg-agent:0:1"/>
    <property name="java.version" value="11.0.15"/>
    <property name="JOB_NAME" value="inetBankingV1_Maven"/>
    <property name="java.vendor.url.bug" value="https://bugreport.java.com/bugreport/"/>
    <property name="XDG_DATA_DIRS" value="/usr/share/cinnamon:/usr/share/gnome:/home/socopoko/.local/share/flatpak/exports/share:/var/lib/flatpak/exports/share:/usr/local/share:/usr/share"/>
    <property name="java.version.date" value="2022-04-19"/>
    <property name="jdk.debug" value="release"/>
    <property name="LC_NAME" value="en_US.UTF-8"/>
    <property name="user.name" value="socopoko"/>
    <property name="XDG_RUNTIME_DIR" value="/run/user/1000"/>
    <property name="sun.io.unicode.encoding" value="UnicodeLittle"/>
    <property name="AUTOJUMP_SOURCED" value="1"/>
    <property name="sun.jnu.encoding" value="UTF-8"/>
    <property name="java.runtime.name" value="Java(TM) SE Runtime Environment"/>
    <property name="XDG_SESSION_DESKTOP" value="cinnamon"/>
    <property name="java.specification.name" value="Java Platform API Specification"/>
    <property name="RUN_CHANGES_DISPLAY_URL" value="http://localhost:8080/job/inetBankingV1_Maven/7/display/redirect?page=changes"/>
    <property name="user.timezone" value="Asia/Kolkata"/>
    <property name="path.separator" value=":"/>
    <property name="BUILD_TAG" value="jenkins-inetBankingV1_Maven-7"/>
    <property name="TERM" value="xterm-256color"/>
    <property name="GTK_MODULES" value="gail:atk-bridge"/>
    <property name="MANDATORY_PATH" value="/usr/share/gconf/cinnamon.mandatory.path"/>
    <property name="file.encoding" value="UTF-8"/>
    <property name="PATH" value="/usr/lib/jvm/jdk-11/bin:/home/socopoko/.cargo/bin:/home/socopoko/.local/bin:/opt/apache-maven-3.8.5/bin:/usr/local/sbin:/usr/local/bin:/usr/sbin:/usr/bin:/sbin:/bin:/usr/games:/usr/local/games:/snap/bin/"/>
    <property name="QT_ACCESSIBILITY" value="1"/>
    <property name="DESKTOP_SESSION" value="cinnamon"/>
    <property name="sun.java.command" value="jenkins.maven3.agent.Maven35Main /opt/apache-maven /home/socopoko/.jenkins/war/WEB-INF/lib/remoting-4.13.jar /home/socopoko/.jenkins/plugins/maven-plugin/WEB-INF/lib/maven35-interceptor-1.13.jar /home/socopoko/.jenkins/plugins/maven-plugin/WEB-INF/lib/maven3-interceptor-commons-1.13.jar 46309"/>
    <property name="HUDSON_URL" value="http://localhost:8080/"/>
    <property name="XDG_CONFIG_DIRS" value="/etc/xdg/xdg-cinnamon:/etc/xdg"/>
    <property name="JENKINS_SERVER_COOKIE" value="945724ebfadf2369"/>
    <property name="EXECUTOR_NUMBER" value="0"/>
    <property name="XDG_SESSION_TYPE" value="x11"/>
    <property name="LC_TELEPHONE" value="en_US.UTF-8"/>
    <property name="XDG_SESSION_PATH" value="/org/freedesktop/DisplayManager/Session0"/>
    <property name="java.io.tmpdir" value="/tmp"/>
    <property name="user.language" value="en"/>
    <property name="line.separator" value="&#10;"/>
    <property name="COLORTERM" value="truecolor"/>
    <property name="BUILD_URL" value="http://localhost:8080/job/inetBankingV1_Maven/7/"/>
    <property name="SSH_AGENT_PID" value="6934"/>
    <property name="SHLVL" value="1"/>
    <property name="M2_HOME" value="/opt/apache-maven"/>
    <property name="USER" value="socopoko"/>
    <property name="java.vm.info" value="mixed mode"/>
    <property name="sun.desktop" value="gnome"/>
    <property name="java.vm.specification.name" value="Java Virtual Machine Specification"/>
    <property name="CI" value="true"/>
    <property name="BUILD_DISPLAY_NAME" value="#7"/>
    <property name="LC_TIME" value="en_US.UTF-8"/>
    <property name="guice.disable.misplaced.annotation.check" value="true"/>
    <property name="HUDSON_SERVER_COOKIE" value="945724ebfadf2369"/>
    <property name="WORKSPACE_TMP" value="/home/socopoko/.jenkins/workspace/inetBankingV1_Maven@tmp"/>
    <property name="MAVEN_HOME" value="/opt/apache-maven"/>
    <property name="GNOME_TERMINAL_SERVICE" value=":1.140"/>
    <property name="java.awt.printerjob" value="sun.print.PSPrinterJob"/>
    <property name="SESSION_MANAGER" value="local/socopoko-mint:@/tmp/.ICE-unix/6862,unix/socopoko-mint:/tmp/.ICE-unix/6862"/>
    <property name="DEFAULTS_PATH" value="/usr/share/gconf/cinnamon.default.path"/>
    <property name="CLASSPATH" value=""/>
    <property name="maven3.interceptor.common" value="/home/socopoko/.jenkins/plugins/maven-plugin/WEB-INF/lib/maven3-interceptor-commons-1.13.jar"/>
    <property name="GNOME_DESKTOP_SESSION_ID" value="this-is-deprecated"/>
    <property name="LC_NUMERIC" value="en_US.UTF-8"/>
    <property name="XAUTHORITY" value="/home/socopoko/.Xauthority"/>
    <property name="jansi.mode" value="strip"/>
    <property name="XDG_CURRENT_DESKTOP" value="X-Cinnamon"/>
    <property name="os.name" value="Linux"/>
    <property name="java.specification.vendor" value="Oracle Corporation"/>
    <property name="INSIDE_NEMO_PYTHON" value=""/>
    <property name="BUILD_NUMBER" value="7"/>
    <property name="java.vm.name" value="Java HotSpot(TM) 64-Bit Server VM"/>
    <property name="maven3.interceptor" value="/home/socopoko/.jenkins/plugins/maven-plugin/WEB-INF/lib/maven35-interceptor-1.13.jar"/>
    <property name="java.library.path" value="/usr/java/packages/lib:/usr/lib64:/lib64:/lib:/usr/lib"/>
    <property name="LC_MEASUREMENT" value="en_US.UTF-8"/>
    <property name="LC_ADDRESS" value="en_US.UTF-8"/>
    <property name="POM_GROUPID" value="inetBankingv1"/>
    <property name="POM_ARTIFACTID" value="inetBankingv1"/>
    <property name="java.class.version" value="55.0"/>
    <property name="DBUS_SESSION_BUS_ADDRESS" value="unix:path=/run/user/1000/bus"/>
    <property name="JOB_URL" value="http://localhost:8080/job/inetBankingV1_Maven/"/>
    <property name="RUN_DISPLAY_URL" value="http://localhost:8080/job/inetBankingV1_Maven/7/display/redirect"/>
    <property name="JENKINS_HOME" value="/home/socopoko/.jenkins"/>
    <property name="BUILD_ID" value="7"/>
    <property name="sun.boot.library.path" value="/usr/lib/jvm/jdk-11/lib"/>
    <property name="sun.management.compiler" value="HotSpot 64-Bit Tiered Compilers"/>
    <property name="java.awt.graphicsenv" value="sun.awt.X11GraphicsEnvironment"/>
    <property name="POM_VERSION" value="0.0.1-SNAPSHOT"/>
    <property name="HUDSON_HOME" value="/home/socopoko/.jenkins"/>
    <property name="PATH+MAVEN" value="/opt/apache-maven/bin"/>
    <property name="GTK3_MODULES" value="xapp-gtk3-module"/>
    <property name="OLDPWD" value="/home/socopoko/Softwares"/>
    <property name="RUN_ARTIFACTS_DISPLAY_URL" value="http://localhost:8080/job/inetBankingV1_Maven/7/display/redirect?page=artifacts"/>
    <property name="QT_QPA_PLATFORMTHEME" value="qt5ct"/>
    <property name="java.vm.specification.version" value="11"/>
    <property name="JAVA_HOME" value="/usr/lib/jvm/jdk-11"/>
    <property name="SHELL" value="/bin/zsh"/>
    <property name="awt.toolkit" value="sun.awt.X11.XToolkit"/>
    <property name="NODE_LABELS" value="built-in"/>
    <property name="sun.cpu.isalist" value=""/>
    <property name="java.vm.compressedOopsMode" value="32-bit"/>
    <property name="JOB_DISPLAY_URL" value="http://localhost:8080/job/inetBankingV1_Maven/display/redirect"/>
    <property name="os.version" value="5.4.0-113-generic"/>
    <property name="user.home" value="/home/socopoko"/>
    <property name="_" value="/usr/bin/java"/>
    <property name="java.vm.vendor" value="Oracle Corporation"/>
    <property name="LC_MONETARY" value="en_US.UTF-8"/>
    <property name="user.dir" value="/home/socopoko/Repositories/dxc-training/inetBankingv1"/>
    <property name="maven.conf" value="/opt/apache-maven/conf"/>
    <property name="GDM_LANG" value="en_US"/>
    <property name="XDG_VTNR" value="7"/>
    <property name="sun.cpu.endian" value="little"/>
    <property name="java.vm.version" value="11.0.15+8-LTS-149"/>
    <property name="PAPERSIZE" value="a4"/>
    <property name="XDG_SEAT" value="seat0"/>
    <property name="java.class.path" value="/home/socopoko/.jenkins/plugins/maven-plugin/WEB-INF/lib/maven35-agent-1.13.jar:/opt/apache-maven/boot/plexus-classworlds-2.6.0.jar:/opt/apache-maven/conf/logging"/>
    <property name="org.slf4j.simpleLogger.defaultLogLevel" value="info"/>
    <property name="os.arch" value="amd64"/>
    <property name="LC_PAPER" value="en_US.UTF-8"/>
    <property name="WORKSPACE" value="/home/socopoko/.jenkins/workspace/inetBankingV1_Maven"/>
    <property name="RUN_TESTS_DISPLAY_URL" value="http://localhost:8080/job/inetBankingV1_Maven/7/display/redirect?page=tests"/>
    <property name="sun.java.launcher" value="SUN_STANDARD"/>
    <property name="LANG" value="en_US.UTF-8"/>
    <property name="java.vm.specification.vendor" value="Oracle Corporation"/>
    <property name="file.separator" value="/"/>
    <property name="AUTOJUMP_ERROR_PATH" value="/home/socopoko/.local/share/autojump/errors.log"/>
    <property name="LANGUAGE" value="en_US"/>
    <property name="GTK_OVERLAY_SCROLLING" value="1"/>
    <property name="java.runtime.version" value="11.0.15+8-LTS-149"/>
    <property name="XDG_SESSION_ID" value="c2"/>
    <property name="PATH+JDK" value="/usr/lib/jvm/jdk-11/bin"/>
    <property name="user.country" value="US"/>
    <property name="POM_PACKAGING" value="jar"/>
    <property name="maven.home" value="/opt/apache-maven"/>
    <property name="JOB_BASE_NAME" value="inetBankingV1_Maven"/>
    <property name="LC_IDENTIFICATION" value="en_US.UTF-8"/>
    <property name="java.vendor.version" value="18.9"/>
    <property name="GNOME_TERMINAL_SCREEN" value="/org/gnome/Terminal/screen/623dbf68_594a_47f7_aa31_4e31eed203b1"/>
    <property name="HOME" value="/home/socopoko"/>
    <property name="java.vendor" value="Oracle Corporation"/>
    <property name="SSH_AUTH_SOCK" value="/tmp/ssh-5p6MTfmXHEaV/agent.6862"/>
    <property name="java.specification.version" value="11"/>
    <property name="POM_DISPLAYNAME" value="inetBankingv1"/>
    <property name="sun.arch.data.model" value="64"/>
  </properties>
  <testcase name="loginTest" classname="com.inetbanking.testCases.TC_LoginTest_001" time="3.379"/>
  <testcase name="addNewCustomer" classname="com.inetbanking.testCases.TC_AddCustomerTest_003" time="23.833">
    <failure message="unexpected alert open: {Alert text : Customer could not be added !!}&#10;  (Session info: chrome=102.0.5005.61): Customer could not be added !!&#10;Build info: version: &apos;3.14.0&apos;, revision: &apos;aacccce0&apos;, time: &apos;2018-08-02T20:19:58.91Z&apos;&#10;System info: host: &apos;socopoko-mint&apos;, ip: &apos;127.0.1.1&apos;, os.name: &apos;Linux&apos;, os.arch: &apos;amd64&apos;, os.version: &apos;5.4.0-113-generic&apos;, java.version: &apos;11.0.15&apos;&#10;Driver info: org.openqa.selenium.chrome.ChromeDriver&#10;Capabilities {acceptInsecureCerts: false, browserName: chrome, browserVersion: 102.0.5005.61, chrome: {chromedriverVersion: 102.0.5005.61 (0e59bcc00cc4..., userDataDir: /tmp/.com.google.Chrome.5vv3bH}, goog:chromeOptions: {debuggerAddress: localhost:38031}, javascriptEnabled: true, networkConnectionEnabled: false, pageLoadStrategy: normal, platform: LINUX, platformName: LINUX, proxy: Proxy(), setWindowRect: true, strictFileInteractability: false, timeouts: {implicit: 0, pageLoad: 300000, script: 30000}, unhandledPromptBehavior: dismiss and notify, webauthn:extension:credBlob: true, webauthn:extension:largeBlob: true, webauthn:virtualAuthenticators: true}&#10;Session ID: 4de030a051d0d959cd21f4b012a6f74e" type="org.openqa.selenium.UnhandledAlertException">org.openqa.selenium.UnhandledAlertException: unexpected alert open: {Alert text : Customer could not be added !!}
  (Session info: chrome=102.0.5005.61): Customer could not be added !!
Build info: version: '3.14.0', revision: 'aacccce0', time: '2018-08-02T20:19:58.91Z'
System info: host: 'socopoko-mint', ip: '127.0.1.1', os.name: 'Linux', os.arch: 'amd64', os.version: '5.4.0-113-generic', java.version: '11.0.15'
Driver info: org.openqa.selenium.chrome.ChromeDriver
Capabilities {acceptInsecureCerts: false, browserName: chrome, browserVersion: 102.0.5005.61, chrome: {chromedriverVersion: 102.0.5005.61 (0e59bcc00cc4..., userDataDir: /tmp/.com.google.Chrome.5vv3bH}, goog:chromeOptions: {debuggerAddress: localhost:38031}, javascriptEnabled: true, networkConnectionEnabled: false, pageLoadStrategy: normal, platform: LINUX, platformName: LINUX, proxy: Proxy(), setWindowRect: true, strictFileInteractability: false, timeouts: {implicit: 0, pageLoad: 300000, script: 30000}, unhandledPromptBehavior: dismiss and notify, webauthn:extension:credBlob: true, webauthn:extension:largeBlob: true, webauthn:virtualAuthenticators: true}
Session ID: 4de030a051d0d959cd21f4b012a6f74e
	at org.openqa.selenium.remote.http.W3CHttpResponseCodec.decode(W3CHttpResponseCodec.java:120)
	at org.openqa.selenium.remote.http.W3CHttpResponseCodec.decode(W3CHttpResponseCodec.java:49)
	at org.openqa.selenium.remote.HttpCommandExecutor.execute(HttpCommandExecutor.java:158)
	at org.openqa.selenium.remote.service.DriverCommandExecutor.execute(DriverCommandExecutor.java:83)
	at org.openqa.selenium.remote.RemoteWebDriver.execute(RemoteWebDriver.java:548)
	at org.openqa.selenium.remote.RemoteWebDriver.execute(RemoteWebDriver.java:605)
	at org.openqa.selenium.remote.RemoteWebDriver.getPageSource(RemoteWebDriver.java:434)
	at com.inetbanking.testCases.TC_AddCustomerTest_003.addNewCustomer(TC_AddCustomerTest_003.java:57)
</failure>
    <system-out><![CDATA[ INFO [main] (TC_AddCustomerTest_003.java:18)- User name is provided
 INFO [main] (TC_AddCustomerTest_003.java:20)- Passsword is provided
 INFO [main] (TC_AddCustomerTest_003.java:35)- providing customer details....
 INFO [main] (TC_AddCustomerTest_003.java:38)- name entered
 INFO [main] (TC_AddCustomerTest_003.java:55)- validation started....
]]></system-out>
    <system-err><![CDATA[Starting ChromeDriver 102.0.5005.61 (0e59bcc00cc4985ce39ad31c150065f159d95ad3-refs/branch-heads/5005@{#819}) on port 30596
Only local connections are allowed.
Please see https://chromedriver.chromium.org/security-considerations for suggestions on keeping ChromeDriver safe.
ChromeDriver was started successfully.
Jun 01, 2022 1:05:32 PM org.openqa.selenium.remote.ProtocolHandshake createSession
INFO: Detected dialect: W3C
]]></system-err>
  </testcase>
</testsuite>