<?xml version="1.0" encoding="UTF-8"?>
<!-- Generated by org.testng.reporters.JUnitReportReporter -->
<testsuite hostname="socopoko-mint" failures="0" tests="1" name="com.inetbanking.testCases.TC_LoginTest_001" time="3.378" errors="0" timestamp="01 Jun 2022 07:36:02 GMT" skipped="0">
  <testcase classname="com.inetbanking.testCases.TC_LoginTest_001" name="loginTest" time="3.378"/>
</testsuite> <!-- com.inetbanking.testCases.TC_LoginTest_001 -->
